ExampleProject/FormEditor/build/Qt_6_6_3_Clang_arm64_v8a-Debug/android-build/build/outputs/logs/manifest-merger-debug-report.txt
-- Merging decision tree log ---
provider#androidx.core.content.FileProvider
INJECTED from Qt_6_6_3_Clang_arm64_v8a-Debug\android-build\AndroidManifest.xml:48:9-56:20
	android:grantUriPermissions
		ADDED from Qt_6_6_3_Clang_arm64_v8a-Debug\android-build\AndroidManifest.xml:52:13-47
	android:authorities
		INJECTED from Qt_6_6_3_Clang_arm64_v8a-Debug\android-build\AndroidManifest.xml
		ADDED from Qt_6_6_3_Clang_arm64_v8a-Debug\android-build\AndroidManifest.xml:50:13-62
	android:exported
		ADDED from Qt_6_6_3_Clang_arm64_v8a-Debug\android-build\AndroidManifest.xml:51:13-37
	android:name
		ADDED from Qt_6_6_3_Clang_arm64_v8a-Debug\android-build\AndroidManifest.xml:49:13-62
manifest
ADDED from Qt_6_6_3_Clang_arm64_v8a-Debug\android-build\AndroidManifest.xml:2:1-58:12
INJECTED from Qt_6_6_3_Clang_arm64_v8a-Debug\android-build\AndroidManifest.xml:2:1-58:12
INJECTED from Qt_6_6_3_Clang_arm64_v8a-Debug\android-build\AndroidManifest.xml:2:1-58:12
INJECTED from Qt_6_6_3_Clang_arm64_v8a-Debug\android-build\AndroidManifest.xml:2:1-58:12
MERGED from [androidx.core:core:1.10.1] AndroidManifest.xml:17:1-30:12
MERGED from [androidx.versionedparcelable:versionedparcelable:1.1.1] AndroidManifest.xml:17:1-27:12
MERGED from [androidx.interpolator:interpolator:1.0.0] AndroidManifest.xml:17:1-22:12
MERGED from [androidx.lifecycle:lifecycle-runtime:2.3.1] AndroidManifest.xml:17:1-24:12
MERGED from [androidx.arch.core:core-runtime:2.1.0] AndroidManifest.xml:17:1-24:12
MERGED from [androidx.annotation:annotation-experimental:1.3.0] AndroidManifest.xml:17:1-22:12
INJECTED from Qt_6_6_3_Clang_arm64_v8a-Debug\android-build\AndroidManifest.xml:2:1-58:12
INJECTED from Qt_6_6_3_Clang_arm64_v8a-Debug\android-build\AndroidManifest.xml:2:1-58:12
INJECTED from Qt_6_6_3_Clang_arm64_v8a-Debug\android-build\AndroidManifest.xml:2:1-58:12
	package
		ADDED from Qt_6_6_3_Clang_arm64_v8a-Debug\android-build\AndroidManifest.xml:3:5-47
		INJECTED from Qt_6_6_3_Clang_arm64_v8a-Debug\android-build\AndroidManifest.xml
		INJECTED from Qt_6_6_3_Clang_arm64_v8a-Debug\android-build\AndroidManifest.xml
	android:versionName
		ADDED from Qt_6_6_3_Clang_arm64_v8a-Debug\android-build\AndroidManifest.xml:6:5-30
		INJECTED from Qt_6_6_3_Clang_arm64_v8a-Debug\android-build\AndroidManifest.xml
		INJECTED from Qt_6_6_3_Clang_arm64_v8a-Debug\android-build\AndroidManifest.xml
	xmlns:android
		ADDED from Qt_6_6_3_Clang_arm64_v8a-Debug\android-build\AndroidManifest.xml:2:11-69
	android:versionCode
		ADDED from Qt_6_6_3_Clang_arm64_v8a-Debug\android-build\AndroidManifest.xml:5:5-28
		INJECTED from Qt_6_6_3_Clang_arm64_v8a-Debug\android-build\AndroidManifest.xml
		INJECTED from Qt_6_6_3_Clang_arm64_v8a-Debug\android-build\AndroidManifest.xml
	android:installLocation
		ADDED from Qt_6_6_3_Clang_arm64_v8a-Debug\android-build\AndroidManifest.xml:4:5-35
uses-permission#android.permission.INTERNET
ADDED from Qt_6_6_3_Clang_arm64_v8a-Debug\android-build\AndroidManifest.xml:7:5-67
	android:name
		ADDED from Qt_6_6_3_Clang_arm64_v8a-Debug\android-build\AndroidManifest.xml:7:22-64
uses-permission#android.permission.WRITE_EXTERNAL_STORAGE
ADDED from Qt_6_6_3_Clang_arm64_v8a-Debug\android-build\AndroidManifest.xml:8:5-81
	android:name
		ADDED from Qt_6_6_3_Clang_arm64_v8a-Debug\android-build\AndroidManifest.xml:8:22-78
uses-permission#android.permission.ACCESS_NETWORK_STATE
ADDED from Qt_6_6_3_Clang_arm64_v8a-Debug\android-build\AndroidManifest.xml:9:5-79
	android:name
		ADDED from Qt_6_6_3_Clang_arm64_v8a-Debug\android-build\AndroidManifest.xml:9:22-76
supports-screens
ADDED from Qt_6_6_3_Clang_arm64_v8a-Debug\android-build\AndroidManifest.xml:11:5-15:39
	android:largeScreens
		ADDED from Qt_6_6_3_Clang_arm64_v8a-Debug\android-build\AndroidManifest.xml:13:9-36
	android:smallScreens
		ADDED from Qt_6_6_3_Clang_arm64_v8a-Debug\android-build\AndroidManifest.xml:15:9-36
	android:normalScreens
		ADDED from Qt_6_6_3_Clang_arm64_v8a-Debug\android-build\AndroidManifest.xml:14:9-37
	android:anyDensity
		ADDED from Qt_6_6_3_Clang_arm64_v8a-Debug\android-build\AndroidManifest.xml:12:9-34
application
ADDED from Qt_6_6_3_Clang_arm64_v8a-Debug\android-build\AndroidManifest.xml:16:5-57:19
MERGED from [androidx.core:core:1.10.1] AndroidManifest.xml:28:5-89
MERGED from [androidx.core:core:1.10.1] AndroidManifest.xml:28:5-89
MERGED from [androidx.versionedparcelable:versionedparcelable:1.1.1] AndroidManifest.xml:24:5-25:19
MERGED from [androidx.versionedparcelable:versionedparcelable:1.1.1] AndroidManifest.xml:24:5-25:19
	android:requestLegacyExternalStorage
		ADDED from Qt_6_6_3_Clang_arm64_v8a-Debug\android-build\AndroidManifest.xml:20:9-52
	android:appComponentFactory
		ADDED from [androidx.core:core:1.10.1] AndroidManifest.xml:28:18-86
	android:label
		ADDED from Qt_6_6_3_Clang_arm64_v8a-Debug\android-build\AndroidManifest.xml:19:9-35
	android:hardwareAccelerated
		ADDED from Qt_6_6_3_Clang_arm64_v8a-Debug\android-build\AndroidManifest.xml:18:9-43
	android:allowBackup
		ADDED from Qt_6_6_3_Clang_arm64_v8a-Debug\android-build\AndroidManifest.xml:21:9-35
	android:fullBackupOnly
		ADDED from Qt_6_6_3_Clang_arm64_v8a-Debug\android-build\AndroidManifest.xml:22:9-39
	android:name
		ADDED from Qt_6_6_3_Clang_arm64_v8a-Debug\android-build\AndroidManifest.xml:17:9-71
activity#org.qtproject.qt.android.bindings.QtActivity
ADDED from Qt_6_6_3_Clang_arm64_v8a-Debug\android-build\AndroidManifest.xml:23:9-46:20
	android:screenOrientation
		ADDED from Qt_6_6_3_Clang_arm64_v8a-Debug\android-build\AndroidManifest.xml:28:13-52
	android:label
		ADDED from Qt_6_6_3_Clang_arm64_v8a-Debug\android-build\AndroidManifest.xml:26:13-39
	android:launchMode
		ADDED from Qt_6_6_3_Clang_arm64_v8a-Debug\android-build\AndroidManifest.xml:27:13-43
	android:exported
		ADDED from Qt_6_6_3_Clang_arm64_v8a-Debug\android-build\AndroidManifest.xml:29:13-36
	android:configChanges
		ADDED from Qt_6_6_3_Clang_arm64_v8a-Debug\android-build\AndroidManifest.xml:25:13-182
	android:name
		ADDED from Qt_6_6_3_Clang_arm64_v8a-Debug\android-build\AndroidManifest.xml:24:13-72
intent-filter#action:name:android.intent.action.MAIN+category:name:android.intent.category.LAUNCHER
ADDED from Qt_6_6_3_Clang_arm64_v8a-Debug\android-build\AndroidManifest.xml:30:13-33:29
action#android.intent.action.MAIN
ADDED from Qt_6_6_3_Clang_arm64_v8a-Debug\android-build\AndroidManifest.xml:31:17-69
	android:name
		ADDED from Qt_6_6_3_Clang_arm64_v8a-Debug\android-build\AndroidManifest.xml:31:25-66
category#android.intent.category.LAUNCHER
ADDED from Qt_6_6_3_Clang_arm64_v8a-Debug\android-build\AndroidManifest.xml:32:17-77
	android:name
		ADDED from Qt_6_6_3_Clang_arm64_v8a-Debug\android-build\AndroidManifest.xml:32:27-74
meta-data#android.app.lib_name
ADDED from Qt_6_6_3_Clang_arm64_v8a-Debug\android-build\AndroidManifest.xml:35:11-37:46
	android:value
		ADDED from Qt_6_6_3_Clang_arm64_v8a-Debug\android-build\AndroidManifest.xml:37:17-43
	android:name
		ADDED from Qt_6_6_3_Clang_arm64_v8a-Debug\android-build\AndroidManifest.xml:36:17-52
meta-data#android.app.arguments
ADDED from Qt_6_6_3_Clang_arm64_v8a-Debug\android-build\AndroidManifest.xml:39:11-41:36
	android:value
		ADDED from Qt_6_6_3_Clang_arm64_v8a-Debug\android-build\AndroidManifest.xml:41:17-33
	android:name
		ADDED from Qt_6_6_3_Clang_arm64_v8a-Debug\android-build\AndroidManifest.xml:40:17-53
meta-data#android.app.extract_android_style
ADDED from Qt_6_6_3_Clang_arm64_v8a-Debug\android-build\AndroidManifest.xml:43:13-45:43
	android:value
		ADDED from Qt_6_6_3_Clang_arm64_v8a-Debug\android-build\AndroidManifest.xml:45:17-40
	android:name
		ADDED from Qt_6_6_3_Clang_arm64_v8a-Debug\android-build\AndroidManifest.xml:44:17-65
uses-sdk
INJECTED from Qt_6_6_3_Clang_arm64_v8a-Debug\android-build\AndroidManifest.xml reason: use-sdk injection requested
INJECTED from Qt_6_6_3_Clang_arm64_v8a-Debug\android-build\AndroidManifest.xml
INJECTED from Qt_6_6_3_Clang_arm64_v8a-Debug\android-build\AndroidManifest.xml
MERGED from [androidx.core:core:1.10.1] AndroidManifest.xml:20:5-44
MERGED from [androidx.core:core:1.10.1] AndroidManifest.xml:20:5-44
MERGED from [androidx.versionedparcelable:versionedparcelable:1.1.1] AndroidManifest.xml:20:5-22:41
MERGED from [androidx.versionedparcelable:versionedparcelable:1.1.1] AndroidManifest.xml:20:5-22:41
MERGED from [androidx.interpolator:interpolator:1.0.0] AndroidManifest.xml:20:5-44
MERGED from [androidx.interpolator:interpolator:1.0.0] AndroidManifest.xml:20:5-44
MERGED from [androidx.lifecycle:lifecycle-runtime:2.3.1] AndroidManifest.xml:20:5-22:41
MERGED from [androidx.lifecycle:lifecycle-runtime:2.3.1] AndroidManifest.xml:20:5-22:41
MERGED from [androidx.arch.core:core-runtime:2.1.0] AndroidManifest.xml:20:5-22:41
MERGED from [androidx.arch.core:core-runtime:2.1.0] AndroidManifest.xml:20:5-22:41
MERGED from [androidx.annotation:annotation-experimental:1.3.0] AndroidManifest.xml:20:5-44
MERGED from [androidx.annotation:annotation-experimental:1.3.0] AndroidManifest.xml:20:5-44
INJECTED from Qt_6_6_3_Clang_arm64_v8a-Debug\android-build\AndroidManifest.xml
INJECTED from Qt_6_6_3_Clang_arm64_v8a-Debug\android-build\AndroidManifest.xml
	android:targetSdkVersion
		INJECTED from Qt_6_6_3_Clang_arm64_v8a-Debug\android-build\AndroidManifest.xml
		ADDED from Qt_6_6_3_Clang_arm64_v8a-Debug\android-build\AndroidManifest.xml
		INJECTED from Qt_6_6_3_Clang_arm64_v8a-Debug\android-build\AndroidManifest.xml
	android:minSdkVersion
		INJECTED from Qt_6_6_3_Clang_arm64_v8a-Debug\android-build\AndroidManifest.xml
		ADDED from Qt_6_6_3_Clang_arm64_v8a-Debug\android-build\AndroidManifest.xml
		INJECTED from Qt_6_6_3_Clang_arm64_v8a-Debug\android-build\AndroidManifest.xml
meta-data#android.support.FILE_PROVIDER_PATHS
ADDED from Qt_6_6_3_Clang_arm64_v8a-Debug\android-build\AndroidManifest.xml:53:13-55:59
	android:resource
		ADDED from Qt_6_6_3_Clang_arm64_v8a-Debug\android-build\AndroidManifest.xml:55:17-57
	android:name
		ADDED from Qt_6_6_3_Clang_arm64_v8a-Debug\android-build\AndroidManifest.xml:54:17-67
permission#${applicationId}.DYNAMIC_RECEIVER_NOT_EXPORTED_PERMISSION
ADDED from [androidx.core:core:1.10.1] AndroidManifest.xml:22:5-24:47
	android:protectionLevel
		ADDED from [androidx.core:core:1.10.1] AndroidManifest.xml:24:9-44
	android:name
		ADDED from [androidx.core:core:1.10.1] AndroidManifest.xml:23:9-81
permission#org.qtproject.example.FormEditor.DYNAMIC_RECEIVER_NOT_EXPORTED_PERMISSION
ADDED from [androidx.core:core:1.10.1] AndroidManifest.xml:22:5-24:47
	android:protectionLevel
		ADDED from [androidx.core:core:1.10.1] AndroidManifest.xml:24:9-44
	android:name
		ADDED from [androidx.core:core:1.10.1] AndroidManifest.xml:23:9-81
uses-permission#${applicationId}.DYNAMIC_RECEIVER_NOT_EXPORTED_PERMISSION
ADDED from [androidx.core:core:1.10.1] AndroidManifest.xml:26:5-97
	android:name
		ADDED from [androidx.core:core:1.10.1] AndroidManifest.xml:26:22-94
uses-permission#org.qtproject.example.FormEditor.DYNAMIC_RECEIVER_NOT_EXPORTED_PERMISSION
ADDED from [androidx.core:core:1.10.1] AndroidManifest.xml:26:5-97
	android:name
		ADDED from [androidx.core:core:1.10.1] AndroidManifest.xml:26:22-94